D:\WORK\PROGRAMMING\STUFF\OPENGLTEXTUREMAPPING\DEBUG\MAIN.OBJ
D:\WORK\PROGRAMMING\STUFF\OPENGLTEXTUREMAPPING\DEBUG\VC110.PDB
D:\WORK\PROGRAMMING\STUFF\OPENGLTEXTUREMAPPING\DEBUG\OPENGLSHAPE.OBJ
D:\WORK\PROGRAMMING\STUFF\OPENGLTEXTUREMAPPING\DEBUG\APP.OBJ
D:\WORK\PROGRAMMING\STUFF\OPENGLTEXTUREMAPPING\DEBUG\CAMERA.OBJ
D:\WORK\PROGRAMMING\STUFF\OPENGLTEXTUREMAPPING\DEBUG\OPENGLTEXTUREMAPPING.ILK
D:\WORK\PROGRAMMING\STUFF\OPENGLTEXTUREMAPPING\DEBUG\OPENGLTEXTUREMAPPING.EXE
D:\WORK\PROGRAMMING\STUFF\OPENGLTEXTUREMAPPING\DEBUG\OPENGLTEXTUREMAPPING.PDB
D:\Work\Programming\STUFF\OpenGlTextureMapping\Debug\App.obj
D:\Work\Programming\STUFF\OpenGlTextureMapping\Debug\Camera.obj
D:\Work\Programming\STUFF\OpenGlTextureMapping\Debug\main.obj
D:\Work\Programming\STUFF\OpenGlTextureMapping\Debug\OpenGlShape.obj
D:\Work\Programming\STUFF\OpenGlTextureMapping\Debug\OpenGlTextureMapping.ilk
D:\Work\Programming\STUFF\OpenGlTextureMapping\Debug\cl.command.1.tlog
D:\Work\Programming\STUFF\OpenGlTextureMapping\Debug\CL.read.1.tlog
D:\Work\Programming\STUFF\OpenGlTextureMapping\Debug\CL.write.1.tlog
D:\Work\Programming\STUFF\OpenGlTextureMapping\Debug\link-cvtres.read.1.tlog
D:\Work\Programming\STUFF\OpenGlTextureMapping\Debug\link-cvtres.write.1.tlog
D:\Work\Programming\STUFF\OpenGlTextureMapping\Debug\link-rc.read.1.tlog
D:\Work\Programming\STUFF\OpenGlTextureMapping\Debug\link-rc.write.1.tlog
D:\Work\Programming\STUFF\OpenGlTextureMapping\Debug\link.1308-cvtres.read.1.tlog
D:\Work\Programming\STUFF\OpenGlTextureMapping\Debug\link.1308-cvtres.write.1.tlog
D:\Work\Programming\STUFF\OpenGlTextureMapping\Debug\link.1308-rc.read.1.tlog
D:\Work\Programming\STUFF\OpenGlTextureMapping\Debug\link.1308-rc.write.1.tlog
D:\Work\Programming\STUFF\OpenGlTextureMapping\Debug\link.1308.read.1.tlog
D:\Work\Programming\STUFF\OpenGlTextureMapping\Debug\link.1308.read.2.tlog
D:\Work\Programming\STUFF\OpenGlTextureMapping\Debug\link.1308.write.1.tlog
D:\Work\Programming\STUFF\OpenGlTextureMapping\Debug\link.2440-cvtres.read.1.tlog
D:\Work\Programming\STUFF\OpenGlTextureMapping\Debug\link.2440-cvtres.write.1.tlog
D:\Work\Programming\STUFF\OpenGlTextureMapping\Debug\link.2440-rc.read.1.tlog
D:\Work\Programming\STUFF\OpenGlTextureMapping\Debug\link.2440-rc.write.1.tlog
D:\Work\Programming\STUFF\OpenGlTextureMapping\Debug\link.2440.read.1.tlog
D:\Work\Programming\STUFF\OpenGlTextureMapping\Debug\link.2440.read.2.tlog
D:\Work\Programming\STUFF\OpenGlTextureMapping\Debug\link.2440.write.1.tlog
D:\Work\Programming\STUFF\OpenGlTextureMapping\Debug\link.3076-cvtres.read.1.tlog
D:\Work\Programming\STUFF\OpenGlTextureMapping\Debug\link.3076-cvtres.write.1.tlog
D:\Work\Programming\STUFF\OpenGlTextureMapping\Debug\link.3076-rc.read.1.tlog
D:\Work\Programming\STUFF\OpenGlTextureMapping\Debug\link.3076-rc.write.1.tlog
D:\Work\Programming\STUFF\OpenGlTextureMapping\Debug\link.3076.read.1.tlog
D:\Work\Programming\STUFF\OpenGlTextureMapping\Debug\link.3076.read.2.tlog
D:\Work\Programming\STUFF\OpenGlTextureMapping\Debug\link.3076.write.1.tlog
D:\Work\Programming\STUFF\OpenGlTextureMapping\Debug\link.3264-cvtres.read.1.tlog
D:\Work\Programming\STUFF\OpenGlTextureMapping\Debug\link.3264-cvtres.write.1.tlog
D:\Work\Programming\STUFF\OpenGlTextureMapping\Debug\link.3264-rc.read.1.tlog
D:\Work\Programming\STUFF\OpenGlTextureMapping\Debug\link.3264-rc.write.1.tlog
D:\Work\Programming\STUFF\OpenGlTextureMapping\Debug\link.3264.read.1.tlog
D:\Work\Programming\STUFF\OpenGlTextureMapping\Debug\link.3264.read.2.tlog
D:\Work\Programming\STUFF\OpenGlTextureMapping\Debug\link.3264.write.1.tlog
D:\Work\Programming\STUFF\OpenGlTextureMapping\Debug\link.3564-cvtres.read.1.tlog
D:\Work\Programming\STUFF\OpenGlTextureMapping\Debug\link.3564-cvtres.write.1.tlog
D:\Work\Programming\STUFF\OpenGlTextureMapping\Debug\link.3564-rc.read.1.tlog
D:\Work\Programming\STUFF\OpenGlTextureMapping\Debug\link.3564-rc.write.1.tlog
D:\Work\Programming\STUFF\OpenGlTextureMapping\Debug\link.3564.read.1.tlog
D:\Work\Programming\STUFF\OpenGlTextureMapping\Debug\link.3564.read.2.tlog
D:\Work\Programming\STUFF\OpenGlTextureMapping\Debug\link.3564.write.1.tlog
D:\Work\Programming\STUFF\OpenGlTextureMapping\Debug\link.4040-cvtres.read.1.tlog
D:\Work\Programming\STUFF\OpenGlTextureMapping\Debug\link.4040-cvtres.write.1.tlog
D:\Work\Programming\STUFF\OpenGlTextureMapping\Debug\link.4040-rc.read.1.tlog
D:\Work\Programming\STUFF\OpenGlTextureMapping\Debug\link.4040-rc.write.1.tlog
D:\Work\Programming\STUFF\OpenGlTextureMapping\Debug\link.4040.read.1.tlog
D:\Work\Programming\STUFF\OpenGlTextureMapping\Debug\link.4040.read.2.tlog
D:\Work\Programming\STUFF\OpenGlTextureMapping\Debug\link.4040.write.1.tlog
D:\Work\Programming\STUFF\OpenGlTextureMapping\Debug\link.4456-cvtres.read.1.tlog
D:\Work\Programming\STUFF\OpenGlTextureMapping\Debug\link.4456-cvtres.write.1.tlog
D:\Work\Programming\STUFF\OpenGlTextureMapping\Debug\link.4456-rc.read.1.tlog
D:\Work\Programming\STUFF\OpenGlTextureMapping\Debug\link.4456-rc.write.1.tlog
D:\Work\Programming\STUFF\OpenGlTextureMapping\Debug\link.4456.read.1.tlog
D:\Work\Programming\STUFF\OpenGlTextureMapping\Debug\link.4456.read.2.tlog
D:\Work\Programming\STUFF\OpenGlTextureMapping\Debug\link.4456.write.1.tlog
D:\Work\Programming\STUFF\OpenGlTextureMapping\Debug\link.5708-cvtres.read.1.tlog
D:\Work\Programming\STUFF\OpenGlTextureMapping\Debug\link.5708-cvtres.write.1.tlog
D:\Work\Programming\STUFF\OpenGlTextureMapping\Debug\link.5708-rc.read.1.tlog
D:\Work\Programming\STUFF\OpenGlTextureMapping\Debug\link.5708-rc.write.1.tlog
D:\Work\Programming\STUFF\OpenGlTextureMapping\Debug\link.5708.read.1.tlog
D:\Work\Programming\STUFF\OpenGlTextureMapping\Debug\link.5708.read.2.tlog
D:\Work\Programming\STUFF\OpenGlTextureMapping\Debug\link.5708.write.1.tlog
D:\Work\Programming\STUFF\OpenGlTextureMapping\Debug\link.5864-cvtres.read.1.tlog
D:\Work\Programming\STUFF\OpenGlTextureMapping\Debug\link.5864-cvtres.write.1.tlog
D:\Work\Programming\STUFF\OpenGlTextureMapping\Debug\link.5864-rc.read.1.tlog
D:\Work\Programming\STUFF\OpenGlTextureMapping\Debug\link.5864-rc.write.1.tlog
D:\Work\Programming\STUFF\OpenGlTextureMapping\Debug\link.5864.read.1.tlog
D:\Work\Programming\STUFF\OpenGlTextureMapping\Debug\link.5864.read.2.tlog
D:\Work\Programming\STUFF\OpenGlTextureMapping\Debug\link.5864.write.1.tlog
D:\Work\Programming\STUFF\OpenGlTextureMapping\Debug\link.6284-cvtres.read.1.tlog
D:\Work\Programming\STUFF\OpenGlTextureMapping\Debug\link.6284-cvtres.write.1.tlog
D:\Work\Programming\STUFF\OpenGlTextureMapping\Debug\link.6284-rc.read.1.tlog
D:\Work\Programming\STUFF\OpenGlTextureMapping\Debug\link.6284-rc.write.1.tlog
D:\Work\Programming\STUFF\OpenGlTextureMapping\Debug\link.6284.read.1.tlog
D:\Work\Programming\STUFF\OpenGlTextureMapping\Debug\link.6284.read.2.tlog
D:\Work\Programming\STUFF\OpenGlTextureMapping\Debug\link.6284.write.1.tlog
D:\Work\Programming\STUFF\OpenGlTextureMapping\Debug\link.6436-cvtres.read.1.tlog
D:\Work\Programming\STUFF\OpenGlTextureMapping\Debug\link.6436-cvtres.write.1.tlog
D:\Work\Programming\STUFF\OpenGlTextureMapping\Debug\link.6436-rc.read.1.tlog
D:\Work\Programming\STUFF\OpenGlTextureMapping\Debug\link.6436-rc.write.1.tlog
D:\Work\Programming\STUFF\OpenGlTextureMapping\Debug\link.6436.read.1.tlog
D:\Work\Programming\STUFF\OpenGlTextureMapping\Debug\link.6436.read.2.tlog
D:\Work\Programming\STUFF\OpenGlTextureMapping\Debug\link.6436.write.1.tlog
D:\Work\Programming\STUFF\OpenGlTextureMapping\Debug\link.6696-cvtres.read.1.tlog
D:\Work\Programming\STUFF\OpenGlTextureMapping\Debug\link.6696-cvtres.write.1.tlog
D:\Work\Programming\STUFF\OpenGlTextureMapping\Debug\link.6696-rc.read.1.tlog
D:\Work\Programming\STUFF\OpenGlTextureMapping\Debug\link.6696-rc.write.1.tlog
D:\Work\Programming\STUFF\OpenGlTextureMapping\Debug\link.6696.read.1.tlog
D:\Work\Programming\STUFF\OpenGlTextureMapping\Debug\link.6696.read.2.tlog
D:\Work\Programming\STUFF\OpenGlTextureMapping\Debug\link.6696.write.1.tlog
D:\Work\Programming\STUFF\OpenGlTextureMapping\Debug\link.6788-cvtres.read.1.tlog
D:\Work\Programming\STUFF\OpenGlTextureMapping\Debug\link.6788-cvtres.write.1.tlog
D:\Work\Programming\STUFF\OpenGlTextureMapping\Debug\link.6788-rc.read.1.tlog
D:\Work\Programming\STUFF\OpenGlTextureMapping\Debug\link.6788-rc.write.1.tlog
D:\Work\Programming\STUFF\OpenGlTextureMapping\Debug\link.6788.read.1.tlog
D:\Work\Programming\STUFF\OpenGlTextureMapping\Debug\link.6788.read.2.tlog
D:\Work\Programming\STUFF\OpenGlTextureMapping\Debug\link.6788.write.1.tlog
D:\Work\Programming\STUFF\OpenGlTextureMapping\Debug\link.6796-cvtres.read.1.tlog
D:\Work\Programming\STUFF\OpenGlTextureMapping\Debug\link.6796-cvtres.write.1.tlog
D:\Work\Programming\STUFF\OpenGlTextureMapping\Debug\link.6796-rc.read.1.tlog
D:\Work\Programming\STUFF\OpenGlTextureMapping\Debug\link.6796-rc.write.1.tlog
D:\Work\Programming\STUFF\OpenGlTextureMapping\Debug\link.6796.read.1.tlog
D:\Work\Programming\STUFF\OpenGlTextureMapping\Debug\link.6796.read.2.tlog
D:\Work\Programming\STUFF\OpenGlTextureMapping\Debug\link.6796.write.1.tlog
D:\Work\Programming\STUFF\OpenGlTextureMapping\Debug\link.6924-cvtres.read.1.tlog
D:\Work\Programming\STUFF\OpenGlTextureMapping\Debug\link.6924-cvtres.write.1.tlog
D:\Work\Programming\STUFF\OpenGlTextureMapping\Debug\link.6924-rc.read.1.tlog
D:\Work\Programming\STUFF\OpenGlTextureMapping\Debug\link.6924-rc.write.1.tlog
D:\Work\Programming\STUFF\OpenGlTextureMapping\Debug\link.6924.read.1.tlog
D:\Work\Programming\STUFF\OpenGlTextureMapping\Debug\link.6924.read.2.tlog
D:\Work\Programming\STUFF\OpenGlTextureMapping\Debug\link.6924.write.1.tlog
D:\Work\Programming\STUFF\OpenGlTextureMapping\Debug\link.7004-cvtres.read.1.tlog
D:\Work\Programming\STUFF\OpenGlTextureMapping\Debug\link.7004-cvtres.write.1.tlog
D:\Work\Programming\STUFF\OpenGlTextureMapping\Debug\link.7004-rc.read.1.tlog
D:\Work\Programming\STUFF\OpenGlTextureMapping\Debug\link.7004-rc.write.1.tlog
D:\Work\Programming\STUFF\OpenGlTextureMapping\Debug\link.7004.read.1.tlog
D:\Work\Programming\STUFF\OpenGlTextureMapping\Debug\link.7004.read.2.tlog
D:\Work\Programming\STUFF\OpenGlTextureMapping\Debug\link.7004.write.1.tlog
D:\Work\Programming\STUFF\OpenGlTextureMapping\Debug\link.7040-cvtres.read.1.tlog
D:\Work\Programming\STUFF\OpenGlTextureMapping\Debug\link.7040-cvtres.write.1.tlog
D:\Work\Programming\STUFF\OpenGlTextureMapping\Debug\link.7040-rc.read.1.tlog
D:\Work\Programming\STUFF\OpenGlTextureMapping\Debug\link.7040-rc.write.1.tlog
D:\Work\Programming\STUFF\OpenGlTextureMapping\Debug\link.7040.read.1.tlog
D:\Work\Programming\STUFF\OpenGlTextureMapping\Debug\link.7040.read.2.tlog
D:\Work\Programming\STUFF\OpenGlTextureMapping\Debug\link.7040.write.1.tlog
D:\Work\Programming\STUFF\OpenGlTextureMapping\Debug\link.command.1.tlog
D:\Work\Programming\STUFF\OpenGlTextureMapping\Debug\link.read.1.tlog
D:\Work\Programming\STUFF\OpenGlTextureMapping\Debug\link.read.2.tlog
D:\Work\Programming\STUFF\OpenGlTextureMapping\Debug\link.write.1.tlog
D:\Work\Programming\STUFF\OpenGlTextureMapping\Debug\vc110.idb
D:\Work\Programming\STUFF\OpenGlTextureMapping\Debug\OpenGlTextureMapping.pdb
D:\Work\Programming\STUFF\OpenGlTextureMapping\Debug\vc110.pdb
D:\Work\Programming\STUFF\OpenGlTextureMapping\Debug\OpenGlTextureMapping.exe
