D:\WORK\PROGRAMMING\STUFF\SFMLANDOPENGL\DEBUG\APP.OBJ
D:\WORK\PROGRAMMING\STUFF\SFMLANDOPENGL\DEBUG\CAMERA.OBJ
D:\WORK\PROGRAMMING\STUFF\SFMLANDOPENGL\DEBUG\MAIN.OBJ
D:\WORK\PROGRAMMING\STUFF\SFMLANDOPENGL\DEBUG\OPENGLSHAPE.OBJ
D:\WORK\PROGRAMMING\STUFF\SFMLANDOPENGL\DEBUG\VC110.PDB
D:\WORK\PROGRAMMING\STUFF\SFMLANDOPENGL\DEBUG\SFMLANDOPENGL.ILK
D:\WORK\PROGRAMMING\STUFF\SFMLANDOPENGL\DEBUG\SFMLANDOPENGL.EXE
D:\WORK\PROGRAMMING\STUFF\SFMLANDOPENGL\DEBUG\SFMLANDOPENGL.PDB
D:\Work\Programming\STUFF\SFMLandOpenGL\Debug\App.obj
D:\Work\Programming\STUFF\SFMLandOpenGL\Debug\Camera.obj
D:\Work\Programming\STUFF\SFMLandOpenGL\Debug\main.obj
D:\Work\Programming\STUFF\SFMLandOpenGL\Debug\OpenGlShape.obj
D:\Work\Programming\STUFF\SFMLandOpenGL\Debug\SFMLandOpenGL.ilk
D:\Work\Programming\STUFF\SFMLandOpenGL\Debug\cl.command.1.tlog
D:\Work\Programming\STUFF\SFMLandOpenGL\Debug\CL.read.1.tlog
D:\Work\Programming\STUFF\SFMLandOpenGL\Debug\CL.write.1.tlog
D:\Work\Programming\STUFF\SFMLandOpenGL\Debug\link-cvtres.read.1.tlog
D:\Work\Programming\STUFF\SFMLandOpenGL\Debug\link-cvtres.write.1.tlog
D:\Work\Programming\STUFF\SFMLandOpenGL\Debug\link-rc.read.1.tlog
D:\Work\Programming\STUFF\SFMLandOpenGL\Debug\link-rc.write.1.tlog
D:\Work\Programming\STUFF\SFMLandOpenGL\Debug\link.command.1.tlog
D:\Work\Programming\STUFF\SFMLandOpenGL\Debug\link.read.1.tlog
D:\Work\Programming\STUFF\SFMLandOpenGL\Debug\link.read.2.tlog
D:\Work\Programming\STUFF\SFMLandOpenGL\Debug\link.write.1.tlog
D:\Work\Programming\STUFF\SFMLandOpenGL\Debug\vc110.idb
D:\Work\Programming\STUFF\SFMLandOpenGL\Debug\SFMLandOpenGL.pdb
D:\Work\Programming\STUFF\SFMLandOpenGL\Debug\vc110.pdb
D:\Work\Programming\STUFF\SFMLandOpenGL\Debug\SFMLandOpenGL.exe
